# JRE version: Java(TM) SE Runtime Environment (9.0+11) (build 9.0.4+11)
# Java VM: Java HotSpot(TM) 64-Bit Server VM (9.0.4+11, mixed mode, tiered, compressed oops, g1 gc, windows-amd64)
Heap:
 garbage-first heap   total 214016K, used 88743K [0x0000000700000000, 0x0000000700100688, 0x00000007c0000000)
  region size 1024K, 14 young (14336K), 1 survivors (1024K)
 Metaspace       used 84318K, capacity 90469K, committed 90832K, reserved 1126400K
  class space    used 12113K, capacity 13197K, committed 13308K, reserved 1048576K
GC Heap History (10 events):
Event: 954.977 GC heap before
{Heap before GC invocations=96 (full 3):
 garbage-first heap   total 214016K, used 132051K [0x0000000700000000, 0x0000000700100688, 0x00000007c0000000)
  region size 1024K, 60 young (61440K), 8 survivors (8192K)
 Metaspace       used 80591K, capacity 86589K, committed 86864K, reserved 1124352K
  class space    used 11578K, capacity 12615K, committed 12668K, reserved 1048576K
}
Event: 954.986 GC heap after
{Heap after GC invocations=97 (full 3):
 garbage-first heap   total 214016K, used 78413K [0x0000000700000000, 0x0000000700100688, 0x00000007c0000000)
  region size 1024K, 2 young (2048K), 2 survivors (2048K)
 Metaspace       used 80591K, capacity 86589K, committed 86864K, reserved 1124352K
  class space    used 11578K, capacity 12615K, committed 12668K, reserved 1048576K
}
Event: 955.762 GC heap before
{Heap before GC invocations=97 (full 3):
 garbage-first heap   total 214016K, used 137805K [0x0000000700000000, 0x0000000700100688, 0x00000007c0000000)
  region size 1024K, 60 young (61440K), 2 survivors (2048K)
 Metaspace       used 81785K, capacity 87753K, committed 88016K, reserved 1124352K
  class space    used 11703K, capacity 12727K, committed 12796K, reserved 1048576K
}
Event: 955.771 GC heap after
{Heap after GC invocations=98 (full 3):
 garbage-first heap   total 214016K, used 79730K [0x0000000700000000, 0x0000000700100688, 0x00000007c0000000)
  region size 1024K, 3 young (3072K), 3 survivors (3072K)
 Metaspace       used 81785K, capacity 87753K, committed 88016K, reserved 1124352K
  class space    used 11703K, capacity 12727K, committed 12796K, reserved 1048576K
}
Event: 956.886 GC heap before
{Heap before GC invocations=98 (full 3):
 garbage-first heap   total 214016K, used 138098K [0x0000000700000000, 0x0000000700100688, 0x00000007c0000000)
  region size 1024K, 60 young (61440K), 3 survivors (3072K)
 Metaspace       used 83448K, capacity 89597K, committed 89680K, reserved 1126400K
  class space    used 12032K, capacity 13101K, committed 13180K, reserved 1048576K
}
Event: 956.897 GC heap after
{Heap after GC invocations=99 (full 3):
 garbage-first heap   total 214016K, used 81665K [0x0000000700000000, 0x0000000700100688, 0x00000007c0000000)
  region size 1024K, 5 young (5120K), 5 survivors (5120K)
 Metaspace       used 83448K, capacity 89597K, committed 89680K, reserved 1126400K
  class space    used 12032K, capacity 13101K, committed 13180K, reserved 1048576K
}
Event: 957.100 GC heap before
{Heap before GC invocations=99 (full 3):
 garbage-first heap   total 214016K, used 92929K [0x0000000700000000, 0x0000000700100688, 0x00000007c0000000)
  region size 1024K, 14 young (14336K), 5 survivors (5120K)
 Metaspace       used 84120K, capacity 90333K, committed 90576K, reserved 1126400K
  class space    used 12107K, capacity 13197K, committed 13308K, reserved 1048576K
}
Event: 957.359 GC heap after
{Heap after GC invocations=100 (full 4):
 garbage-first heap   total 214016K, used 75688K [0x0000000700000000, 0x0000000700100688, 0x00000007c0000000)
  region size 1024K, 0 young (0K), 0 survivors (0K)
 Metaspace       used 84120K, capacity 90333K, committed 90576K, reserved 1126400K
  class space    used 12107K, capacity 13197K, committed 13308K, reserved 1048576K
}
Event: 1036.280 GC heap before
{Heap before GC invocations=100 (full 4):
 garbage-first heap   total 214016K, used 137128K [0x0000000700000000, 0x0000000700100688, 0x00000007c0000000)
  region size 1024K, 60 young (61440K), 0 survivors (0K)
 Metaspace       used 84232K, capacity 90405K, committed 90576K, reserved 1126400K
  class space    used 12110K, capacity 13197K, committed 13308K, reserved 1048576K
}
Event: 1036.676 GC heap after
{Heap after GC invocations=101 (full 4):
 garbage-first heap   total 214016K, used 76455K [0x0000000700000000, 0x0000000700100688, 0x00000007c0000000)
  region size 1024K, 1 young (1024K), 1 survivors (1024K)
 Metaspace       used 84232K, capacity 90405K, committed 90576K, reserved 1126400K
  class space    used 12110K, capacity 13197K, committed 13308K, reserved 1048576K
}

